<?xml version="1.0" encoding="UTF-8"?>
<testsuites>
  <testsuite name="Chromium_playwright_\src\components\componentExample\componentExample.test.ts" id="0" tests="4" skipped="0" errors="0" failures="0" time="1.742">
    <properties>
      <property name="test.fileName" value="src\components\componentExample\componentExample.test.ts"/>
      <property name="browser.name" value="Chromium"/>
      <property name="browser.launcher" value="playwright"/>
    </properties>
    <testcase name="should contain shadow root" time="0" classname="example-component Component Spec: Default example-component Component" file="src\components\componentExample\componentExample.test.ts"/>
    <testcase name="should be accessible" time="1.139" classname="example-component Component Spec: Default example-component Component" file="src\components\componentExample\componentExample.test.ts"/>
    <testcase name="The default value of the counter should be 0" time="0.001" classname="example-component Component Spec: Default example-component Component" file="src\components\componentExample\componentExample.test.ts"/>
    <testcase name="On button click counter should be updated" time="0.602" classname="example-component Component Spec: Default example-component Component" file="src\components\componentExample\componentExample.test.ts"/>
  </testsuite>
  <testsuite name="Firefox_playwright_\src\components\componentExample\componentExample.test.ts" id="0" tests="4" skipped="0" errors="0" failures="0" time="1.589">
    <properties>
      <property name="test.fileName" value="src\components\componentExample\componentExample.test.ts"/>
      <property name="browser.name" value="Firefox"/>
      <property name="browser.launcher" value="playwright"/>
    </properties>
    <testcase name="should contain shadow root" time="0.001" classname="example-component Component Spec: Default example-component Component" file="src\components\componentExample\componentExample.test.ts"/>
    <testcase name="should be accessible" time="1.231" classname="example-component Component Spec: Default example-component Component" file="src\components\componentExample\componentExample.test.ts"/>
    <testcase name="The default value of the counter should be 0" time="0.001" classname="example-component Component Spec: Default example-component Component" file="src\components\componentExample\componentExample.test.ts"/>
    <testcase name="On button click counter should be updated" time="0.356" classname="example-component Component Spec: Default example-component Component" file="src\components\componentExample\componentExample.test.ts"/>
  </testsuite>
  <testsuite name="Webkit_playwright_\src\components\componentExample\componentExample.test.ts" id="0" tests="4" skipped="0" errors="0" failures="0" time="1.9369999999999998">
    <properties>
      <property name="test.fileName" value="src\components\componentExample\componentExample.test.ts"/>
      <property name="browser.name" value="Webkit"/>
      <property name="browser.launcher" value="playwright"/>
    </properties>
    <testcase name="should contain shadow root" time="0.001" classname="example-component Component Spec: Default example-component Component" file="src\components\componentExample\componentExample.test.ts"/>
    <testcase name="should be accessible" time="1.319" classname="example-component Component Spec: Default example-component Component" file="src\components\componentExample\componentExample.test.ts"/>
    <testcase name="The default value of the counter should be 0" time="0.001" classname="example-component Component Spec: Default example-component Component" file="src\components\componentExample\componentExample.test.ts"/>
    <testcase name="On button click counter should be updated" time="0.616" classname="example-component Component Spec: Default example-component Component" file="src\components\componentExample\componentExample.test.ts"/>
  </testsuite>
  <testsuite name="Chromium_playwright_\src\components\pageExample\pageExample.test.ts" id="0" tests="3" skipped="0" errors="0" failures="0" time="1.1199999999999999">
    <properties>
      <property name="test.fileName" value="src\components\pageExample\pageExample.test.ts"/>
      <property name="browser.name" value="Chromium"/>
      <property name="browser.launcher" value="playwright"/>
    </properties>
    <testcase name="should contain shadow root" time="0.001" classname="example-component Component Spec: Default example-component Component" file="src\components\pageExample\pageExample.test.ts"/>
    <testcase name="should be accessible" time="1.118" classname="example-component Component Spec: Default example-component Component" file="src\components\pageExample\pageExample.test.ts"/>
    <testcase name="The page should display the api response" time="0.001" classname="example-component Component Spec: Default example-component Component" file="src\components\pageExample\pageExample.test.ts"/>
  </testsuite>
  <testsuite name="Firefox_playwright_\src\components\pageExample\pageExample.test.ts" id="0" tests="3" skipped="0" errors="0" failures="0" time="1.184">
    <properties>
      <property name="test.fileName" value="src\components\pageExample\pageExample.test.ts"/>
      <property name="browser.name" value="Firefox"/>
      <property name="browser.launcher" value="playwright"/>
    </properties>
    <testcase name="should contain shadow root" time="0" classname="example-component Component Spec: Default example-component Component" file="src\components\pageExample\pageExample.test.ts"/>
    <testcase name="should be accessible" time="1.184" classname="example-component Component Spec: Default example-component Component" file="src\components\pageExample\pageExample.test.ts"/>
    <testcase name="The page should display the api response" time="0" classname="example-component Component Spec: Default example-component Component" file="src\components\pageExample\pageExample.test.ts"/>
  </testsuite>
  <testsuite name="Webkit_playwright_\src\components\pageExample\pageExample.test.ts" id="0" tests="3" skipped="0" errors="0" failures="0" time="1.3339999999999999">
    <properties>
      <property name="test.fileName" value="src\components\pageExample\pageExample.test.ts"/>
      <property name="browser.name" value="Webkit"/>
      <property name="browser.launcher" value="playwright"/>
    </properties>
    <testcase name="should contain shadow root" time="0.001" classname="example-component Component Spec: Default example-component Component" file="src\components\pageExample\pageExample.test.ts"/>
    <testcase name="should be accessible" time="1.333" classname="example-component Component Spec: Default example-component Component" file="src\components\pageExample\pageExample.test.ts"/>
    <testcase name="The page should display the api response" time="0" classname="example-component Component Spec: Default example-component Component" file="src\components\pageExample\pageExample.test.ts"/>
  </testsuite>
</testsuites>