TN:
SF:src\components\componentSearchResult\componentSearchResult.ts
FN:13,ComponentSearchResult
FN:23,<static_initializer>
FN:88,render
FN:109,_renderFavoriteIcon
FN:121,_handleElementClick
FN:129,_handleFavoriteClick
FNF:6
FNH:4
FNDA:5,ComponentSearchResult
FNDA:1,<static_initializer>
FNDA:6,render
FNDA:6,_renderFavoriteIcon
FNDA:0,_handleElementClick
FNDA:0,_handleFavoriteClick
DA:1,1
DA:2,1
DA:3,1
DA:4,1
DA:5,1
DA:6,1
DA:7,1
DA:8,1
DA:9,1
DA:10,1
DA:11,1
DA:12,1
DA:13,1
DA:14,5
DA:15,5
DA:16,5
DA:17,5
DA:18,5
DA:19,5
DA:20,5
DA:21,5
DA:22,1
DA:23,1
DA:24,1
DA:25,1
DA:26,1
DA:27,1
DA:28,1
DA:29,1
DA:30,1
DA:31,1
DA:32,1
DA:33,1
DA:34,1
DA:35,1
DA:36,1
DA:37,1
DA:38,1
DA:39,1
DA:40,1
DA:41,1
DA:42,1
DA:43,1
DA:44,1
DA:45,1
DA:46,1
DA:47,1
DA:48,1
DA:49,1
DA:50,1
DA:51,1
DA:52,1
DA:53,1
DA:54,1
DA:55,1
DA:56,1
DA:57,1
DA:58,1
DA:59,1
DA:60,1
DA:61,1
DA:62,1
DA:63,1
DA:64,1
DA:65,1
DA:66,1
DA:67,1
DA:68,1
DA:69,1
DA:70,1
DA:71,1
DA:72,1
DA:73,1
DA:74,1
DA:75,1
DA:76,1
DA:77,1
DA:78,1
DA:79,1
DA:80,1
DA:81,1
DA:82,1
DA:83,1
DA:84,1
DA:85,1
DA:86,1
DA:87,1
DA:88,1
DA:89,6
DA:90,6
DA:91,6
DA:92,6
DA:93,6
DA:94,6
DA:95,6
DA:96,6
DA:97,6
DA:98,0
DA:99,0
DA:100,6
DA:101,6
DA:102,6
DA:103,6
DA:104,6
DA:105,6
DA:106,6
DA:107,6
DA:108,1
DA:109,1
DA:110,6
DA:111,6
DA:112,6
DA:113,6
DA:114,6
DA:115,6
DA:116,6
DA:117,6
DA:118,6
DA:119,6
DA:120,1
DA:121,1
DA:122,0
DA:123,0
DA:124,0
DA:125,0
DA:126,0
DA:127,0
DA:128,1
DA:129,1
DA:130,0
DA:131,0
DA:132,0
DA:133,0
DA:134,0
DA:135,0
DA:136,1
LF:136
LH:122
BRDA:13,0,0,5
BRDA:23,1,0,1
BRDA:88,2,0,6
BRDA:97,3,0,0
BRDA:97,4,0,0
BRDA:109,5,0,6
BRDA:112,6,0,1
BRDA:112,7,0,5
BRF:8
BRH:6
end_of_record
TN:
SF:src\components\componentSpinner\componentSpinner.ts
FN:4,<static_initializer>
FN:28,render
FNF:2
FNH:2
FNDA:2,<static_initializer>
FNDA:10,render
DA:1,2
DA:2,2
DA:3,2
DA:4,2
DA:5,2
DA:6,2
DA:7,2
DA:8,2
DA:9,2
DA:10,2
DA:11,2
DA:12,2
DA:13,2
DA:14,2
DA:15,2
DA:16,2
DA:17,2
DA:18,2
DA:19,2
DA:20,2
DA:21,2
DA:22,2
DA:23,2
DA:24,2
DA:25,2
DA:26,2
DA:27,2
DA:28,2
DA:29,10
DA:30,10
DA:31,2
LF:31
LH:31
BRDA:4,0,0,2
BRDA:28,1,0,10
BRF:2
BRH:2
end_of_record
TN:
SF:src\components\componentSpinner\index.ts
FNF:0
FNH:0
DA:1,2
DA:2,2
DA:3,2
LF:3
LH:3
BRF:0
BRH:0
end_of_record
TN:
SF:src\components\pageFood\pageFood.ts
FN:12,PageFood
FN:86,onPageInit
FN:120,_toggleFavorite
FN:132,_handleGramsChange
FN:140,_calculateNutrient
FN:145,render
FNF:6
FNH:6
FNDA:7,PageFood
FNDA:7,onPageInit
FNDA:2,_toggleFavorite
FNDA:1,_handleGramsChange
FNDA:36,_calculateNutrient
FNDA:19,render
DA:1,1
DA:2,1
DA:3,1
DA:4,1
DA:5,1
DA:6,1
DA:7,1
DA:8,1
DA:9,1
DA:10,1
DA:11,1
DA:12,7
DA:13,7
DA:14,7
DA:15,7
DA:16,7
DA:17,7
DA:18,7
DA:19,7
DA:20,7
DA:21,7
DA:22,7
DA:23,7
DA:24,7
DA:25,7
DA:26,7
DA:27,7
DA:28,7
DA:29,7
DA:30,7
DA:31,7
DA:32,7
DA:33,7
DA:34,7
DA:35,7
DA:36,7
DA:37,7
DA:38,7
DA:39,7
DA:40,7
DA:41,7
DA:42,7
DA:43,7
DA:44,7
DA:45,7
DA:46,7
DA:47,7
DA:48,7
DA:49,7
DA:50,7
DA:51,7
DA:52,7
DA:53,7
DA:54,7
DA:55,7
DA:56,7
DA:57,7
DA:58,7
DA:59,7
DA:60,7
DA:61,7
DA:62,7
DA:63,7
DA:64,7
DA:65,7
DA:66,7
DA:67,7
DA:68,7
DA:69,7
DA:70,7
DA:71,7
DA:72,7
DA:73,7
DA:74,7
DA:75,7
DA:76,7
DA:77,7
DA:78,7
DA:79,7
DA:80,7
DA:81,7
DA:82,7
DA:83,7
DA:84,7
DA:85,1
DA:86,1
DA:87,7
DA:88,7
DA:89,7
DA:90,7
DA:91,7
DA:92,7
DA:93,7
DA:94,7
DA:95,7
DA:96,7
DA:97,7
DA:98,4
DA:99,4
DA:100,7
DA:101,3
DA:102,3
DA:103,2
DA:104,2
DA:105,3
DA:106,1
DA:107,1
DA:108,3
DA:109,7
DA:110,0
DA:111,0
DA:112,7
DA:113,7
DA:114,7
DA:115,7
DA:116,0
DA:117,0
DA:118,7
DA:119,1
DA:120,1
DA:121,2
DA:122,2
DA:123,2
DA:124,1
DA:125,1
DA:126,1
DA:127,1
DA:128,1
DA:129,1
DA:130,2
DA:131,1
DA:132,1
DA:133,1
DA:134,1
DA:135,1
DA:136,1
DA:137,1
DA:138,1
DA:139,1
DA:140,1
DA:141,36
DA:142,36
DA:143,36
DA:144,1
DA:145,1
DA:146,19
DA:147,9
DA:148,9
DA:149,9
DA:150,9
DA:151,9
DA:152,9
DA:153,9
DA:154,9
DA:155,10
DA:156,19
DA:157,1
DA:158,1
DA:159,1
DA:160,1
DA:161,1
DA:162,1
DA:163,9
DA:164,19
DA:165,0
DA:166,0
DA:167,9
DA:168,9
DA:169,9
DA:170,9
DA:171,9
DA:172,9
DA:173,19
DA:174,19
DA:175,19
DA:176,19
DA:177,19
DA:178,19
DA:179,19
DA:180,19
DA:181,19
DA:182,19
DA:183,19
DA:184,19
DA:185,19
DA:186,19
DA:187,19
DA:188,19
DA:189,19
DA:190,19
DA:191,19
DA:192,19
DA:193,19
DA:194,19
DA:195,19
DA:196,19
DA:197,19
DA:198,19
DA:199,19
DA:200,19
DA:201,19
DA:202,19
DA:203,19
DA:204,19
DA:205,19
DA:206,19
DA:207,19
DA:208,19
DA:209,19
DA:210,19
DA:211,19
DA:212,19
DA:213,19
DA:214,19
DA:215,19
DA:216,19
DA:217,1
DA:218,1
DA:219,1
DA:220,1
DA:221,1
DA:222,1
DA:223,1
LF:223
LH:217
BRDA:12,0,0,7
BRDA:86,1,0,7
BRDA:97,2,0,4
BRDA:100,3,0,3
BRDA:102,4,0,2
BRDA:102,5,0,2
BRDA:105,6,0,1
BRDA:109,7,0,0
BRDA:115,8,0,0
BRDA:120,9,0,2
BRDA:121,10,0,0
BRDA:123,11,0,1
BRDA:132,12,0,1
BRDA:140,13,0,36
BRDA:141,14,0,0
BRDA:145,15,0,19
BRDA:146,16,0,9
BRDA:154,17,0,10
BRDA:156,18,0,1
BRDA:162,19,0,9
BRDA:164,20,0,0
BRDA:166,21,0,9
BRDA:173,22,0,0
BRDA:177,23,0,1
BRDA:177,24,0,8
BRDA:179,25,0,1
BRDA:179,26,0,8
BRF:27
BRH:21
end_of_record
TN:
SF:src\components\pageSearch\pageSearch.ts
FN:10,PageSearch
FN:39,_handleSearchInit
FN:68,_handleFavoriteClick
FN:83,_handleElementClick
FN:89,render
FNF:5
FNH:3
FNDA:3,PageSearch
FNDA:1,_handleSearchInit
FNDA:0,_handleFavoriteClick
FNDA:0,_handleElementClick
FNDA:5,render
DA:1,1
DA:2,1
DA:3,1
DA:4,1
DA:5,1
DA:6,1
DA:7,1
DA:8,1
DA:9,1
DA:10,3
DA:11,3
DA:12,3
DA:13,3
DA:14,3
DA:15,3
DA:16,3
DA:17,3
DA:18,3
DA:19,3
DA:20,3
DA:21,3
DA:22,3
DA:23,3
DA:24,3
DA:25,3
DA:26,3
DA:27,3
DA:28,3
DA:29,3
DA:30,3
DA:31,3
DA:32,3
DA:33,3
DA:34,3
DA:35,3
DA:36,3
DA:37,3
DA:38,1
DA:39,1
DA:40,1
DA:41,1
DA:42,1
DA:43,1
DA:44,1
DA:45,1
DA:46,1
DA:47,1
DA:48,1
DA:49,1
DA:50,1
DA:51,1
DA:52,1
DA:53,1
DA:54,1
DA:55,1
DA:56,0
DA:57,0
DA:58,0
DA:59,0
DA:60,1
DA:61,0
DA:62,0
DA:63,0
DA:64,0
DA:65,0
DA:66,1
DA:67,1
DA:68,1
DA:69,0
DA:70,0
DA:71,0
DA:72,0
DA:73,0
DA:74,0
DA:75,0
DA:76,0
DA:77,0
DA:78,0
DA:79,0
DA:80,0
DA:81,0
DA:82,1
DA:83,1
DA:84,0
DA:85,0
DA:86,0
DA:87,0
DA:88,1
DA:89,1
DA:90,5
DA:91,5
DA:92,5
DA:93,5
DA:94,5
DA:95,5
DA:96,5
DA:97,5
DA:98,5
DA:99,4
DA:100,4
DA:101,4
DA:102,1
DA:103,1
DA:104,1
DA:105,1
DA:106,1
DA:107,1
DA:108,1
DA:109,1
DA:110,1
DA:111,1
DA:112,1
DA:113,3
DA:114,4
DA:115,4
DA:116,0
DA:117,4
DA:118,5
DA:119,5
DA:120,5
DA:121,5
DA:122,1
DA:123,1
DA:124,1
DA:125,1
DA:126,1
DA:127,1
DA:128,1
LF:128
LH:101
BRDA:10,0,0,3
BRDA:39,1,0,1
BRDA:55,2,0,0
BRDA:60,3,0,0
BRDA:47,4,0,1
BRDA:89,5,0,5
BRDA:98,6,0,1
BRDA:98,7,0,4
BRDA:101,8,0,1
BRDA:112,9,0,3
BRDA:115,10,0,3
BRDA:115,11,0,0
BRDA:103,12,0,1
BRDA:107,13,0,0
BRDA:107,14,0,0
BRF:15
BRH:10
end_of_record
